[13/01/2025 23:50:22] AdrianLegaspi won Enchanted Book (ID: enchanted_book1, Weight: 25.0) from Cofre Normal (ID: normal)
[13/01/2025 23:52:40] AdrianLegaspi won Saddle (ID: saddle, Weight: 25.0) from Cofre Normal (ID: normal)
[13/01/2025 23:52:40] AdrianLegaspi won Enchanted Book (ID: enchanted_book, Weight: 25.0) from Cofre Normal (ID: normal)
[13/01/2025 23:52:41] AdrianLegaspi won Gold Ingot (ID: gold_ingot, Weight: 25.0) from Cofre Normal (ID: normal)
[13/01/2025 23:52:41] AdrianLegaspi won Pumpkin Seeds (ID: pumpkin_seeds, Weight: 25.0) from Cofre Normal (ID: normal)
[13/01/2025 23:52:50] AdrianLegaspi won Chainmail Leggings (ID: chainmail_leggings, Weight: 25.0) from Cofre Normal (ID: normal)
[13/01/2025 23:52:52] AdrianLegaspi won Billete de $2500 (ID: billete_de_2500, Weight: 25.0) from Cofre Normal (ID: normal)
[13/01/2025 23:52:53] AdrianLegaspi won Diamond (ID: diamond, Weight: 25.0) from Cofre Normal (ID: normal)
[13/01/2025 23:53:39] AdrianLegaspi won Gold Ingot (ID: gold_ingot, Weight: 25.0) from Cofre Normal (ID: normal)
[13/01/2025 23:55:10] AdrianLegaspi won Pumpkin Seeds (ID: pumpkin_seeds, Weight: 25.0) from Cofre Normal (ID: normal)
[13/01/2025 23:56:28] AdrianLegaspi won Billete de $2500 (ID: billete_de_2500, Weight: 25.0) from Cofre Normal (ID: normal)
[14/01/2025 00:09:28] AdrianLegaspi won Billete de $1000 (ID: billete_de_1000, Weight: 25.0) from Cofre Normal (ID: normal)
[14/01/2025 00:17:15] AdrianLegaspi won Billete de $1000 (ID: billete_de_1000, Weight: 25.0) from Cofre Normal (ID: normal)
[14/01/2025 00:18:08] AdrianLegaspi won Chainmail Chestplate (ID: chainmail_chestplate, Weight: 25.0) from Cofre Normal (ID: normal)
[14/01/2025 00:18:16] AdrianLegaspi won Wheat Seeds (ID: wheat_seeds, Weight: 25.0) from Cofre Normal (ID: normal)
[14/01/2025 00:18:55] AdrianLegaspi won Chainmail Helmet (ID: chainmail_helmet, Weight: 25.0) from Cofre Normal (ID: normal)
[14/01/2025 23:34:47] AdrianLegaspi won Carrot (ID: carrot, Weight: 25.0) from Cofre de agricultura (ID: farming)
[14/01/2025 23:35:18] AdrianLegaspi won Pumpkin (ID: pumpkin, Weight: 25.0) from Cofre de agricultura (ID: farming)
[14/01/2025 23:36:28] AdrianLegaspi won Potato (ID: potato, Weight: 25.0) from Cofre de agricultura (ID: farming)
[14/01/2025 23:37:12] AdrianLegaspi won Cocoa Beans (ID: cocoa_beans, Weight: 25.0) from Cofre de agricultura (ID: farming)
[14/01/2025 23:52:58] AdrianLegaspi won Billete de $5000 (ID: billete_de_5000, Weight: 25.0) from Cofre Normal (ID: normal)
[14/01/2025 23:52:58] AdrianLegaspi won Flint (ID: flint, Weight: 25.0) from Cofre Normal (ID: normal)
[14/01/2025 23:52:58] AdrianLegaspi won Billete de $5000 (ID: billete_de_5000, Weight: 25.0) from Cofre Normal (ID: normal)
[14/01/2025 23:52:58] AdrianLegaspi won Iron Ingot (ID: iron_ingot, Weight: 25.0) from Cofre Normal (ID: normal)
[14/01/2025 23:52:58] AdrianLegaspi won Enchanted Book (ID: enchanted_book1, Weight: 25.0) from Cofre Normal (ID: normal)
[14/01/2025 23:52:58] AdrianLegaspi won Diamond (ID: diamond, Weight: 25.0) from Cofre Normal (ID: normal)
[14/01/2025 23:52:58] AdrianLegaspi won Diamond (ID: diamond, Weight: 25.0) from Cofre Normal (ID: normal)
[14/01/2025 23:52:58] AdrianLegaspi won Billete de $5000 (ID: billete_de_5000, Weight: 25.0) from Cofre Normal (ID: normal)
[14/01/2025 23:52:58] AdrianLegaspi won Saddle (ID: saddle, Weight: 25.0) from Cofre Normal (ID: normal)
[14/01/2025 23:52:58] AdrianLegaspi won Billete de $2500 (ID: billete_de_2500, Weight: 25.0) from Cofre Normal (ID: normal)
[14/01/2025 23:52:58] AdrianLegaspi won Pumpkin Seeds (ID: pumpkin_seeds, Weight: 25.0) from Cofre Normal (ID: normal)
[14/01/2025 23:52:58] AdrianLegaspi won Oak Log (ID: oak_log, Weight: 25.0) from Cofre Normal (ID: normal)
[14/01/2025 23:52:58] AdrianLegaspi won Gold Ingot (ID: gold_ingot, Weight: 25.0) from Cofre Normal (ID: normal)
[14/01/2025 23:52:58] AdrianLegaspi won Enchanted Book (ID: enchanted_book, Weight: 25.0) from Cofre Normal (ID: normal)
[14/01/2025 23:52:58] AdrianLegaspi won Billete de $2500 (ID: billete_de_2500, Weight: 25.0) from Cofre Normal (ID: normal)
[14/01/2025 23:52:58] AdrianLegaspi won Llave_maestra Key (ID: llave_maestra_key, Weight: 25.0) from Cofre Normal (ID: normal)
[14/01/2025 23:52:58] AdrianLegaspi won Chainmail Helmet (ID: chainmail_helmet, Weight: 25.0) from Cofre Normal (ID: normal)
[14/01/2025 23:52:58] AdrianLegaspi won Diamond (ID: diamond, Weight: 25.0) from Cofre Normal (ID: normal)
[14/01/2025 23:52:58] AdrianLegaspi won Gold Ingot (ID: gold_ingot, Weight: 25.0) from Cofre Normal (ID: normal)
[14/01/2025 23:52:58] AdrianLegaspi won Saddle (ID: saddle, Weight: 25.0) from Cofre Normal (ID: normal)
[14/01/2025 23:52:58] AdrianLegaspi won Oak Log (ID: oak_log, Weight: 25.0) from Cofre Normal (ID: normal)
[14/01/2025 23:52:58] AdrianLegaspi won Cocoa Beans (ID: cocoa_beans, Weight: 25.0) from Cofre Normal (ID: normal)
[14/01/2025 23:52:58] AdrianLegaspi won Chainmail Leggings (ID: chainmail_leggings, Weight: 25.0) from Cofre Normal (ID: normal)
[14/01/2025 23:52:58] AdrianLegaspi won Pumpkin Seeds (ID: pumpkin_seeds, Weight: 25.0) from Cofre Normal (ID: normal)
[14/01/2025 23:52:58] AdrianLegaspi won Dirt (ID: dirt, Weight: 25.0) from Cofre Normal (ID: normal)
[14/01/2025 23:52:58] AdrianLegaspi won Dirt (ID: dirt, Weight: 25.0) from Cofre Normal (ID: normal)
[14/01/2025 23:52:58] AdrianLegaspi won Diamond (ID: diamond, Weight: 25.0) from Cofre Normal (ID: normal)
[14/01/2025 23:52:58] AdrianLegaspi won Llave_maestra Key (ID: llave_maestra_key, Weight: 25.0) from Cofre Normal (ID: normal)
[14/01/2025 23:52:58] AdrianLegaspi won Gold Ingot (ID: gold_ingot, Weight: 25.0) from Cofre Normal (ID: normal)
[14/01/2025 23:52:58] AdrianLegaspi won Chainmail Chestplate (ID: chainmail_chestplate, Weight: 25.0) from Cofre Normal (ID: normal)
[14/01/2025 23:53:09] AdrianLegaspi won Beetroot Seeds (ID: beetroot_seeds, Weight: 25.0) from Cofre Normal (ID: normal)
[14/01/2025 23:57:02] AdrianLegaspi won Shield (ID: shield, Weight: 25.0) from Avanzado (ID: cofre_avanzado)
[14/01/2025 23:57:35] AdrianLegaspi won Netherite Ingot (ID: netherite_ingot, Weight: 25.0) from Avanzado (ID: cofre_avanzado)
[14/01/2025 23:57:36] AdrianLegaspi won Shield (ID: shield, Weight: 25.0) from Avanzado (ID: cofre_avanzado)
[14/01/2025 23:57:37] AdrianLegaspi won Billete de $10000 (ID: billete_de_10000, Weight: 25.0) from Avanzado (ID: cofre_avanzado)
[15/01/2025 00:15:06] AdrianLegaspi won $200 (ID: 200, Weight: 25.0) from Loteria (ID: loteria)
[15/01/2025 00:15:07] AdrianLegaspi won $500 (ID: 500, Weight: 25.0) from Loteria (ID: loteria)
[15/01/2025 00:15:08] AdrianLegaspi won $600 (ID: 600, Weight: 25.0) from Loteria (ID: loteria)
[15/01/2025 00:15:43] AdrianLegaspi won $200 (ID: 200, Weight: 25.0) from Loteria (ID: loteria)
[15/01/2025 00:15:44] AdrianLegaspi won $400 (ID: 400, Weight: 25.0) from Loteria (ID: loteria)
[15/01/2025 00:15:45] AdrianLegaspi won $1000 (ID: 1000, Weight: 25.0) from Loteria (ID: loteria)
[15/01/2025 00:17:02] AdrianLegaspi won $30 (ID: 30, Weight: 25.0) from Loteria (ID: loteria)
[15/01/2025 00:17:03] AdrianLegaspi won $200 (ID: 200, Weight: 25.0) from Loteria (ID: loteria)
[15/01/2025 00:17:04] AdrianLegaspi won $30 (ID: 30, Weight: 25.0) from Loteria (ID: loteria)
[15/01/2025 00:19:43] AdrianLegaspi won $1000 (ID: 1000, Weight: 25.0) from Loteria (ID: loteria)
[15/01/2025 00:19:44] AdrianLegaspi won $1000 (ID: 1000, Weight: 25.0) from Loteria (ID: loteria)
[15/01/2025 00:19:45] AdrianLegaspi won $400 (ID: 400, Weight: 25.0) from Loteria (ID: loteria)
[15/01/2025 01:32:53] AdrianLegaspi won Oak Log (ID: oak_log, Weight: 25.0) from Cofre Normal (ID: normal)
[15/01/2025 01:36:35] AdrianLegaspi won Wheat Seeds (ID: wheat_seeds, Weight: 25.0) from Cofre Normal (ID: normal)
[15/01/2025 01:36:49] AdrianLegaspi won $50 (ID: 50, Weight: 25.0) from Loteria (ID: loteria)
[15/01/2025 01:36:50] AdrianLegaspi won $400 (ID: 400, Weight: 25.0) from Loteria (ID: loteria)
[15/01/2025 01:36:51] AdrianLegaspi won $30 (ID: 30, Weight: 25.0) from Loteria (ID: loteria)
[17/01/2025 19:51:13] AdrianLegaspi won Iron Ingot (ID: iron_ingot, Weight: 25.0) from Avanzado (ID: cofre_avanzado)
[19/01/2025 21:39:14] AdrianLegaspi won Billete de $10000 (ID: billete_de_10000, Weight: 25.0) from Avanzado (ID: cofre_avanzado)
[19/01/2025 21:40:00] AdrianLegaspi won $1000 (ID: 1000, Weight: 25.0) from Loteria (ID: loteria)
[19/01/2025 21:40:01] AdrianLegaspi won $100000 (ID: 100000, Weight: 25.0) from Loteria (ID: loteria)
[19/01/2025 21:40:02] AdrianLegaspi won $750 (ID: 750, Weight: 25.0) from Loteria (ID: loteria)
[19/01/2025 21:44:25] AdrianLegaspi won $200 (ID: 200, Weight: 25.0) from Loteria (ID: loteria)
[19/01/2025 21:44:26] AdrianLegaspi won $750 (ID: 750, Weight: 25.0) from Loteria (ID: loteria)
[19/01/2025 21:44:27] AdrianLegaspi won $1 (ID: 1, Weight: 25.0) from Loteria (ID: loteria)
[19/01/2025 21:44:56] AdrianLegaspi won Slimeball (ID: slimeball, Weight: 25.0) from Avanzado (ID: cofre_avanzado)
[19/01/2025 21:45:02] AdrianLegaspi won Saddle (ID: saddle, Weight: 25.0) from Cofre Normal (ID: normal)
[19/01/2025 21:45:08] AdrianLegaspi won Glow Berries (ID: glow_berries, Weight: 25.0) from Cofre de agricultura (ID: farming)
[19/01/2025 21:50:16] AdrianLegaspi won Loteria Key (ID: loteria_key, Weight: 25.0) from Avanzado (ID: cofre_avanzado)
[19/01/2025 21:51:51] AdrianLegaspi won Billete de $1000 (ID: billete_de_1000, Weight: 25.0) from Cofre Normal (ID: normal)
[19/01/2025 21:54:05] AdrianLegaspi won Oak Log (ID: oak_log, Weight: 25.0) from Cofre Normal (ID: normal)
[19/01/2025 21:54:17] AdrianLegaspi won Llave avanzada (ID: llave_avanzada, Weight: 25.0) from Cofre de agricultura (ID: farming)
[19/01/2025 21:54:34] AdrianLegaspi won Netherite Ingot (ID: netherite_ingot, Weight: 25.0) from Avanzado (ID: cofre_avanzado)
[19/01/2025 21:54:50] AdrianLegaspi won Enchanted Book (ID: enchanted_book2, Weight: 25.0) from Cofre Normal (ID: normal)
[19/01/2025 21:55:14] AdrianLegaspi won Oak Log (ID: oak_log, Weight: 25.0) from Cofre Normal (ID: normal)
[19/01/2025 22:00:59] AdrianLegaspi won Avanzada Key (ID: avanzada_key, Weight: 25.0) from Cofre Normal (ID: normal)
[19/01/2025 22:04:21] AdrianLegaspi won Smithing Template (ID: smithing_template, Weight: 25.0) from Jefe Crate (ID: jefe)
[19/01/2025 22:06:19] AdrianLegaspi won $30000 (ID: 30000, Weight: 25.0) from Jefe Crate (ID: jefe)
[19/01/2025 22:07:32] AdrianLegaspi won Tipped Arrow (ID: tipped_arrow, Weight: 25.0) from Jefe Crate (ID: jefe)
[19/01/2025 22:09:34] AdrianLegaspi won Arco del Elmo (ID: arco_del_elmo, Weight: 25.0) from Cofre de Jefe (ID: jefe)
[20/01/2025 00:23:13] AdrianLegaspi won Smithing Template (ID: smithing_template1, Weight: 25.0) from Cofre de Jefe (ID: jefe)
[20/01/2025 00:23:39] AdrianLegaspi won Totem de la Pulga (ID: totem_de_la_pulga, Weight: 25.0) from Cofre de Jefe (ID: jefe)
[24/01/2025 01:26:01] AdrianLegaspi won Diamond (ID: diamond, Weight: 25.0) from Cofre Normal (ID: normal)
[24/01/2025 01:27:39] AdrianLegaspi won Llave avanzada (ID: llave_avanzada, Weight: 25.0) from Cofre de agricultura (ID: farming)
[24/01/2025 01:28:12] AdrianLegaspi won Enchanted Golden Apple (ID: enchanted_golden_apple, Weight: 25.0) from Avanzado (ID: cofre_avanzado)
[24/01/2025 01:29:05] AdrianLegaspi won Billete de $10000 (ID: billete_de_10000, Weight: 25.0) from Avanzado (ID: cofre_avanzado)
[24/01/2025 01:29:22] AdrianLegaspi won Loteria Key (ID: loteria_key, Weight: 25.0) from Avanzado (ID: cofre_avanzado)
[24/01/2025 01:29:39] AdrianLegaspi won $750 (ID: 750, Weight: 25.0) from Loteria (ID: loteria)
[24/01/2025 01:29:40] AdrianLegaspi won $1 (ID: 1, Weight: 25.0) from Loteria (ID: loteria)
[24/01/2025 01:29:41] AdrianLegaspi won $10000 (ID: 10000, Weight: 25.0) from Loteria (ID: loteria)
[24/01/2025 01:30:02] AdrianLegaspi won $100000 (ID: 100000, Weight: 25.0) from Loteria (ID: loteria)
[24/01/2025 01:30:03] AdrianLegaspi won $400 (ID: 400, Weight: 25.0) from Loteria (ID: loteria)
[24/01/2025 01:30:04] AdrianLegaspi won $50 (ID: 50, Weight: 25.0) from Loteria (ID: loteria)
[24/01/2025 01:30:19] AdrianLegaspi won $750 (ID: 750, Weight: 25.0) from Loteria (ID: loteria)
[24/01/2025 01:30:20] AdrianLegaspi won $200 (ID: 200, Weight: 25.0) from Loteria (ID: loteria)
[24/01/2025 01:30:21] AdrianLegaspi won $200 (ID: 200, Weight: 25.0) from Loteria (ID: loteria)
[24/01/2025 01:31:02] AdrianLegaspi won $1000 (ID: 1000, Weight: 25.0) from Loteria (ID: loteria)
[24/01/2025 01:31:03] AdrianLegaspi won $10000 (ID: 10000, Weight: 25.0) from Loteria (ID: loteria)
[24/01/2025 01:31:04] AdrianLegaspi won $100 (ID: 100, Weight: 25.0) from Loteria (ID: loteria)
[24/01/2025 01:31:59] AdrianLegaspi won $750 (ID: 750, Weight: 25.0) from Loteria (ID: loteria)
[24/01/2025 01:32:00] AdrianLegaspi won $750 (ID: 750, Weight: 25.0) from Loteria (ID: loteria)
[24/01/2025 01:32:01] AdrianLegaspi won $750 (ID: 750, Weight: 25.0) from Loteria (ID: loteria)
[24/01/2025 01:32:17] AdrianLegaspi won Chorus Fruit (ID: chorus_fruit, Weight: 25.0) from Cofre de agricultura (ID: farming)
[24/01/2025 01:32:46] AdrianLegaspi won Billete de $10000 (ID: billete_de_10000, Weight: 25.0) from Avanzado (ID: cofre_avanzado)
[24/01/2025 01:33:11] AdrianLegaspi won Tipped Arrow (ID: tipped_arrow, Weight: 25.0) from Cofre de Jefe (ID: jefe)
[24/01/2025 11:37:52] AdrianLegaspi won $50 (ID: 50, Weight: 25.0) from Loteria (ID: loteria)
[24/01/2025 11:37:53] AdrianLegaspi won $1000 (ID: 1000, Weight: 25.0) from Loteria (ID: loteria)
[24/01/2025 11:37:54] AdrianLegaspi won $750 (ID: 750, Weight: 25.0) from Loteria (ID: loteria)
[24/01/2025 11:43:03] AdrianLegaspi won Netherite Sword (ID: netherite_sword, Weight: 25.0) from Cofre de Jefe (ID: jefe)
[24/01/2025 11:49:18] AdrianLegaspi won Tipped Arrow (ID: tipped_arrow, Weight: 25.0) from Cofre de Jefe (ID: jefe)
[24/01/2025 12:08:16] AdrianLegaspi won $750 (ID: 750, Weight: 25.0) from Loteria (ID: loteria)
[24/01/2025 12:08:17] AdrianLegaspi won $750 (ID: 750, Weight: 25.0) from Loteria (ID: loteria)
[24/01/2025 12:08:18] AdrianLegaspi won $50 (ID: 50, Weight: 25.0) from Loteria (ID: loteria)
[24/01/2025 12:08:42] AdrianLegaspi won $1000 (ID: 1000, Weight: 25.0) from Loteria (ID: loteria)
[24/01/2025 12:08:43] AdrianLegaspi won $1000 (ID: 1000, Weight: 25.0) from Loteria (ID: loteria)
[24/01/2025 12:08:44] AdrianLegaspi won $500 (ID: 500, Weight: 25.0) from Loteria (ID: loteria)
[24/01/2025 12:09:36] AdrianLegaspi won $30 (ID: 30, Weight: 25.0) from Loteria (ID: loteria)
[24/01/2025 12:09:37] AdrianLegaspi won $500 (ID: 500, Weight: 25.0) from Loteria (ID: loteria)
[24/01/2025 12:09:38] AdrianLegaspi won $0 (ID: 0, Weight: 25.0) from Loteria (ID: loteria)
[24/01/2025 12:09:54] AdrianLegaspi won Wheat Seeds (ID: wheat_seeds, Weight: 25.0) from Cofre de agricultura (ID: farming)
[24/01/2025 12:10:19] AdrianLegaspi won Loteria Key (ID: loteria_key, Weight: 25.0) from Avanzado (ID: cofre_avanzado)
[24/01/2025 12:10:50] AdrianLegaspi won Loteria Key (ID: loteria_key, Weight: 25.0) from Avanzado (ID: cofre_avanzado)
[24/01/2025 12:11:08] AdrianLegaspi won $50 (ID: 50, Weight: 25.0) from Loteria (ID: loteria)
[24/01/2025 12:11:09] AdrianLegaspi won $0 (ID: 0, Weight: 25.0) from Loteria (ID: loteria)
[24/01/2025 12:11:10] AdrianLegaspi won $1000 (ID: 1000, Weight: 25.0) from Loteria (ID: loteria)
[24/01/2025 12:14:02] AdrianLegaspi won Billete de $20000 (ID: billete_de_20000, Weight: 25.0) from Avanzado (ID: cofre_avanzado)
[24/01/2025 12:14:23] AdrianLegaspi won Billete de $10000 (ID: billete_de_10000, Weight: 25.0) from Avanzado (ID: cofre_avanzado)
[24/01/2025 12:17:18] Anisan2 won Billete de $20000 (ID: billete_de_20000, Weight: 25.0) from Avanzado (ID: cofre_avanzado)
[24/01/2025 12:18:30] Anisan2 won Elytra (ID: elytra, Weight: 25.0) from Avanzado (ID: cofre_avanzado)
[24/01/2025 12:19:37] AdrianLegaspi won Diamond Horse Armour (ID: diamond_horse_armour, Weight: 25.0) from Avanzado (ID: cofre_avanzado)
[24/01/2025 12:19:53] AdrianLegaspi won $5000 (ID: 5000, Weight: 25.0) from Loteria (ID: loteria)
[24/01/2025 12:19:54] AdrianLegaspi won $2500 (ID: 2500, Weight: 25.0) from Loteria (ID: loteria)
[24/01/2025 12:19:55] AdrianLegaspi won $100 (ID: 100, Weight: 25.0) from Loteria (ID: loteria)
[24/01/2025 12:23:58] AdrianLegaspi won $100 (ID: 100, Weight: 25.0) from Loteria (ID: loteria)
[24/01/2025 12:23:59] AdrianLegaspi won $30 (ID: 30, Weight: 25.0) from Loteria (ID: loteria)
[24/01/2025 12:24:00] AdrianLegaspi won $10000 (ID: 10000, Weight: 25.0) from Loteria (ID: loteria)
[24/01/2025 14:39:44] AdrianLegaspi won Tipped Arrow (ID: tipped_arrow, Weight: 25.0) from Cofre de Jefe (ID: jefe)
[24/01/2025 14:51:43] AdrianLegaspi won Netherite Leggings (ID: netherite_leggings, Weight: 25.0) from Cofre de Jefe (ID: jefe)
[24/01/2025 14:56:29] AdrianLegaspi won $10 (ID: 10, Weight: 25.0) from Loteria (ID: loteria)
[24/01/2025 14:56:30] AdrianLegaspi won $600 (ID: 600, Weight: 25.0) from Loteria (ID: loteria)
[24/01/2025 14:56:31] AdrianLegaspi won $1000 (ID: 1000, Weight: 25.0) from Loteria (ID: loteria)
[24/01/2025 15:35:07] AdrianLegaspi won Tipped Arrow (ID: tipped_arrow, Weight: 25.0) from Cofre de Jefe (ID: jefe)
[26/01/2025 22:55:57] AdrianLegaspi won Botas de Adrian (ID: botas_de_adrian, Weight: 25.0) from Cofre de Jefe (ID: jefe)
[28/01/2025 02:40:13] Anisan2 won Pumpkin Seeds (ID: pumpkin_seeds, Weight: 25.0) from Cofre Normal (ID: normal)
[28/01/2025 02:40:21] Anisan2 won Oak Log (ID: oak_log, Weight: 25.0) from Cofre Normal (ID: normal)
[28/01/2025 02:40:28] Anisan2 won Loteria Key (ID: loteria_key, Weight: 25.0) from Cofre de agricultura (ID: farming)
[28/01/2025 02:40:47] Anisan2 won $100 (ID: 100, Weight: 25.0) from Loteria (ID: loteria)
[28/01/2025 02:40:48] Anisan2 won $1000 (ID: 1000, Weight: 25.0) from Loteria (ID: loteria)
[28/01/2025 02:40:49] Anisan2 won $500 (ID: 500, Weight: 25.0) from Loteria (ID: loteria)
[28/01/2025 02:41:02] Anisan2 won Dirt (ID: dirt, Weight: 25.0) from Cofre Normal (ID: normal)
[28/01/2025 02:41:08] Anisan2 won Wheat Seeds (ID: wheat_seeds, Weight: 25.0) from Cofre de agricultura (ID: farming)
[03/02/2025 02:32:09] AdrianLegaspi won ✨0 (ID: 0, Weight: 25.0) from Lotera Mgica Crate (ID: lotera_mgica)
[03/02/2025 02:32:10] AdrianLegaspi won ✨20 (ID: 20, Weight: 25.0) from Lotera Mgica Crate (ID: lotera_mgica)
[03/02/2025 02:32:11] AdrianLegaspi won ✨15 (ID: 15, Weight: 25.0) from Lotera Mgica Crate (ID: lotera_mgica)
[03/02/2025 03:01:36] AdrianLegaspi won ✨15 (ID: 15, Weight: 25.0) from Loteria Magica (ID: lotera_mgica)
[03/02/2025 03:01:37] AdrianLegaspi won ✨100 (ID: 100, Weight: 25.0) from Loteria Magica (ID: lotera_mgica)
[03/02/2025 03:01:38] AdrianLegaspi won ✨100 (ID: 100, Weight: 25.0) from Loteria Magica (ID: lotera_mgica)
